#! /c/Source/iverilog-install/bin/vvp
:ivl_version "12.0 (devel)" "(s20150603-1539-g2693dd32b)";
:ivl_delay_selection "TYPICAL";
:vpi_time_precision + 0;
:vpi_module "C:\iverilog\lib\ivl\system.vpi";
:vpi_module "C:\iverilog\lib\ivl\vhdl_sys.vpi";
:vpi_module "C:\iverilog\lib\ivl\vhdl_textio.vpi";
:vpi_module "C:\iverilog\lib\ivl\v2005_math.vpi";
:vpi_module "C:\iverilog\lib\ivl\va_math.vpi";
S_00000196f7817360 .scope module, "next_state_logic" "next_state_logic" 2 15;
 .timescale 0 0;
    .port_info 0 /INPUT 4 "state_p";
    .port_info 1 /INPUT 1 "left";
    .port_info 2 /INPUT 1 "right";
    .port_info 3 /OUTPUT 1 "state_n";
o00000196f781bfa8 .functor BUFZ 1, C4<z>; HiZ drive
v00000196f77e2b50_0 .net "left", 0 0, o00000196f781bfa8;  0 drivers
o00000196f781bfd8 .functor BUFZ 1, C4<z>; HiZ drive
v00000196f77e28d0_0 .net "right", 0 0, o00000196f781bfd8;  0 drivers
v00000196f78164c0_0 .var "state_n", 0 0;
o00000196f781c038 .functor BUFZ 4, C4<zzzz>; HiZ drive
v00000196f7816560_0 .net "state_p", 3 0, o00000196f781c038;  0 drivers
E_00000196f7979890 .event anyedge, v00000196f7816560_0;
S_00000196f78174f0 .scope module, "output_logic" "output_logic" 2 49;
 .timescale 0 0;
    .port_info 0 /INPUT 4 "state";
    .port_info 1 /OUTPUT 6 "Light";
v00000196f7816600_0 .var "Light", 5 0;
o00000196f781c158 .functor BUFZ 4, C4<zzzz>; HiZ drive
v00000196f78166a0_0 .net "state", 3 0, o00000196f781c158;  0 drivers
E_00000196f7979550 .event anyedge, v00000196f78166a0_0;
S_00000196f7816330 .scope module, "state_holding_register" "state_holding_register" 2 1;
 .timescale 0 0;
    .port_info 0 /INPUT 1 "clk";
    .port_info 1 /INPUT 1 "reset";
    .port_info 2 /INPUT 1 "D";
    .port_info 3 /OUTPUT 1 "Q";
o00000196f781c1e8 .functor BUFZ 1, C4<z>; HiZ drive
v00000196f78139b0_0 .net "D", 0 0, o00000196f781c1e8;  0 drivers
v00000196f7813a50_0 .var "Q", 0 0;
o00000196f781c248 .functor BUFZ 1, C4<z>; HiZ drive
v00000196f7813af0_0 .net "clk", 0 0, o00000196f781c248;  0 drivers
o00000196f781c278 .functor BUFZ 1, C4<z>; HiZ drive
v00000196f7813b90_0 .net "reset", 0 0, o00000196f781c278;  0 drivers
E_00000196f79790d0/0 .event negedge, v00000196f7813b90_0;
E_00000196f79790d0/1 .event posedge, v00000196f7813af0_0;
E_00000196f79790d0 .event/or E_00000196f79790d0/0, E_00000196f79790d0/1;
    .scope S_00000196f7817360;
T_0 ;
    %wait E_00000196f7979890;
    %load/vec4 v00000196f7816560_0;
    %dup/vec4;
    %pushi/vec4 0, 0, 4;
    %cmp/u;
    %jmp/1 T_0.0, 6;
    %dup/vec4;
    %pushi/vec4 1, 0, 4;
    %cmp/u;
    %jmp/1 T_0.1, 6;
    %dup/vec4;
    %pushi/vec4 2, 0, 4;
    %cmp/u;
    %jmp/1 T_0.2, 6;
    %dup/vec4;
    %pushi/vec4 3, 0, 4;
    %cmp/u;
    %jmp/1 T_0.3, 6;
    %dup/vec4;
    %pushi/vec4 4, 0, 4;
    %cmp/u;
    %jmp/1 T_0.4, 6;
    %dup/vec4;
    %pushi/vec4 5, 0, 4;
    %cmp/u;
    %jmp/1 T_0.5, 6;
    %dup/vec4;
    %pushi/vec4 6, 0, 4;
    %cmp/u;
    %jmp/1 T_0.6, 6;
    %dup/vec4;
    %pushi/vec4 8, 0, 4;
    %cmp/u;
    %jmp/1 T_0.7, 6;
    %dup/vec4;
    %pushi/vec4 9, 0, 4;
    %cmp/u;
    %jmp/1 T_0.8, 6;
    %dup/vec4;
    %pushi/vec4 7, 0, 4;
    %cmp/u;
    %jmp/1 T_0.9, 6;
    %dup/vec4;
    %pushi/vec4 10, 0, 4;
    %cmp/u;
    %jmp/1 T_0.10, 6;
    %dup/vec4;
    %pushi/vec4 11, 0, 4;
    %cmp/u;
    %jmp/1 T_0.11, 6;
    %pushi/vec4 0, 0, 1;
    %store/vec4 v00000196f78164c0_0, 0, 1;
    %jmp T_0.13;
T_0.0 ;
    %load/vec4 v00000196f7816560_0;
    %dup/vec4;
    %pushi/vec4 1, 0, 4;
    %cmp/u;
    %jmp/1 T_0.14, 6;
    %dup/vec4;
    %pushi/vec4 4, 0, 4;
    %cmp/u;
    %jmp/1 T_0.15, 6;
    %dup/vec4;
    %pushi/vec4 8, 0, 4;
    %cmp/u;
    %jmp/1 T_0.16, 6;
    %pushi/vec4 0, 0, 1;
    %store/vec4 v00000196f78164c0_0, 0, 1;
    %jmp T_0.18;
T_0.14 ;
    %pushi/vec4 0, 0, 1;
    %store/vec4 v00000196f78164c0_0, 0, 1;
    %jmp T_0.18;
T_0.15 ;
    %pushi/vec4 1, 0, 1;
    %store/vec4 v00000196f78164c0_0, 0, 1;
    %jmp T_0.18;
T_0.16 ;
    %pushi/vec4 1, 0, 1;
    %store/vec4 v00000196f78164c0_0, 0, 1;
    %jmp T_0.18;
T_0.18 ;
    %pop/vec4 1;
    %jmp T_0.13;
T_0.1 ;
    %pushi/vec4 0, 0, 1;
    %store/vec4 v00000196f78164c0_0, 0, 1;
    %jmp T_0.13;
T_0.2 ;
    %pushi/vec4 1, 0, 1;
    %store/vec4 v00000196f78164c0_0, 0, 1;
    %jmp T_0.13;
T_0.3 ;
    %pushi/vec4 0, 0, 1;
    %store/vec4 v00000196f78164c0_0, 0, 1;
    %jmp T_0.13;
T_0.4 ;
    %pushi/vec4 1, 0, 1;
    %store/vec4 v00000196f78164c0_0, 0, 1;
    %jmp T_0.13;
T_0.5 ;
    %pushi/vec4 0, 0, 1;
    %store/vec4 v00000196f78164c0_0, 0, 1;
    %jmp T_0.13;
T_0.6 ;
    %pushi/vec4 0, 0, 1;
    %store/vec4 v00000196f78164c0_0, 0, 1;
    %jmp T_0.13;
T_0.7 ;
    %pushi/vec4 1, 0, 1;
    %store/vec4 v00000196f78164c0_0, 0, 1;
    %jmp T_0.13;
T_0.8 ;
    %pushi/vec4 1, 0, 1;
    %store/vec4 v00000196f78164c0_0, 0, 1;
    %jmp T_0.13;
T_0.9 ;
    %pushi/vec4 0, 0, 1;
    %store/vec4 v00000196f78164c0_0, 0, 1;
    %jmp T_0.13;
T_0.10 ;
    %pushi/vec4 1, 0, 1;
    %store/vec4 v00000196f78164c0_0, 0, 1;
    %jmp T_0.13;
T_0.11 ;
    %pushi/vec4 0, 0, 1;
    %store/vec4 v00000196f78164c0_0, 0, 1;
    %jmp T_0.13;
T_0.13 ;
    %pop/vec4 1;
    %jmp T_0;
    .thread T_0, $push;
    .scope S_00000196f78174f0;
T_1 ;
    %wait E_00000196f7979550;
    %load/vec4 v00000196f78166a0_0;
    %dup/vec4;
    %pushi/vec4 0, 0, 4;
    %cmp/u;
    %jmp/1 T_1.0, 6;
    %dup/vec4;
    %pushi/vec4 1, 0, 4;
    %cmp/u;
    %jmp/1 T_1.1, 6;
    %dup/vec4;
    %pushi/vec4 2, 0, 4;
    %cmp/u;
    %jmp/1 T_1.2, 6;
    %dup/vec4;
    %pushi/vec4 3, 0, 4;
    %cmp/u;
    %jmp/1 T_1.3, 6;
    %dup/vec4;
    %pushi/vec4 4, 0, 4;
    %cmp/u;
    %jmp/1 T_1.4, 6;
    %dup/vec4;
    %pushi/vec4 5, 0, 4;
    %cmp/u;
    %jmp/1 T_1.5, 6;
    %dup/vec4;
    %pushi/vec4 6, 0, 4;
    %cmp/u;
    %jmp/1 T_1.6, 6;
    %dup/vec4;
    %pushi/vec4 7, 0, 4;
    %cmp/u;
    %jmp/1 T_1.7, 6;
    %dup/vec4;
    %pushi/vec4 8, 0, 4;
    %cmp/u;
    %jmp/1 T_1.8, 6;
    %dup/vec4;
    %pushi/vec4 9, 0, 4;
    %cmp/u;
    %jmp/1 T_1.9, 6;
    %dup/vec4;
    %pushi/vec4 10, 0, 4;
    %cmp/u;
    %jmp/1 T_1.10, 6;
    %dup/vec4;
    %pushi/vec4 11, 0, 4;
    %cmp/u;
    %jmp/1 T_1.11, 6;
    %pushi/vec4 0, 0, 6;
    %store/vec4 v00000196f7816600_0, 0, 6;
    %jmp T_1.13;
T_1.0 ;
    %pushi/vec4 0, 0, 6;
    %store/vec4 v00000196f7816600_0, 0, 6;
    %jmp T_1.13;
T_1.1 ;
    %pushi/vec4 8, 0, 6;
    %store/vec4 v00000196f7816600_0, 0, 6;
    %jmp T_1.13;
T_1.2 ;
    %pushi/vec4 24, 0, 6;
    %store/vec4 v00000196f7816600_0, 0, 6;
    %jmp T_1.13;
T_1.3 ;
    %pushi/vec4 56, 0, 6;
    %store/vec4 v00000196f7816600_0, 0, 6;
    %jmp T_1.13;
T_1.4 ;
    %pushi/vec4 4, 0, 6;
    %store/vec4 v00000196f7816600_0, 0, 6;
    %jmp T_1.13;
T_1.5 ;
    %pushi/vec4 6, 0, 6;
    %store/vec4 v00000196f7816600_0, 0, 6;
    %jmp T_1.13;
T_1.6 ;
    %pushi/vec4 7, 0, 6;
    %store/vec4 v00000196f7816600_0, 0, 6;
    %jmp T_1.13;
T_1.7 ;
    %pushi/vec4 63, 0, 6;
    %store/vec4 v00000196f7816600_0, 0, 6;
    %jmp T_1.13;
T_1.8 ;
    %pushi/vec4 12, 0, 6;
    %store/vec4 v00000196f7816600_0, 0, 6;
    %jmp T_1.13;
T_1.9 ;
    %pushi/vec4 30, 0, 6;
    %store/vec4 v00000196f7816600_0, 0, 6;
    %jmp T_1.13;
T_1.10 ;
    %pushi/vec4 0, 0, 6;
    %store/vec4 v00000196f7816600_0, 0, 6;
    %jmp T_1.13;
T_1.11 ;
    %pushi/vec4 63, 0, 6;
    %store/vec4 v00000196f7816600_0, 0, 6;
    %jmp T_1.13;
T_1.13 ;
    %pop/vec4 1;
    %jmp T_1;
    .thread T_1, $push;
    .scope S_00000196f7816330;
T_2 ;
    %wait E_00000196f79790d0;
    %load/vec4 v00000196f7813b90_0;
    %flag_set/vec4 8;
    %jmp/0xz  T_2.0, 8;
    %pushi/vec4 0, 0, 1;
    %store/vec4 v00000196f7813a50_0, 0, 1;
    %jmp T_2.1;
T_2.0 ;
    %load/vec4 v00000196f78139b0_0;
    %store/vec4 v00000196f7813a50_0, 0, 1;
T_2.1 ;
    %jmp T_2;
    .thread T_2;
# The file index is used to find the file name in the following table.
:file_names 3;
    "N/A";
    "<interactive>";
    "thunderbird_new.v";
